<?xml version="1.0" encoding="UTF-8"?>
<testng-results ignored="0" total="3" passed="3" failed="0" skipped="0">
  <reporter-output>
  </reporter-output>
  <suite started-at="2022-09-20T18:00:07 IST" name="Suite" finished-at="2022-09-20T18:00:27 IST" duration-ms="20260">
    <groups>
    </groups>
    <test started-at="2022-09-20T18:00:07 IST" name="Test" finished-at="2022-09-20T18:00:27 IST" duration-ms="20260">
      <class name="mobileworld.signup">
        <test-method signature="register()[pri:0, instance:mobileworld.signup@429bffaa]" started-at="2022-09-20T18:00:07 IST" name="register" finished-at="2022-09-20T18:00:15 IST" duration-ms="8253" status="PASS">
          <reporter-output>
          </reporter-output>
        </test-method> <!-- register -->
      </class> <!-- mobileworld.signup -->
      <class name="mobileworld.order">
        <test-method signature="order()[pri:0, instance:mobileworld.order@3232a28a]" started-at="2022-09-20T18:00:18 IST" name="order" finished-at="2022-09-20T18:00:27 IST" duration-ms="9164" status="PASS">
          <reporter-output>
          </reporter-output>
        </test-method> <!-- order -->
      </class> <!-- mobileworld.order -->
      <class name="mobileworld.Signin">
        <test-method signature="register()[pri:0, instance:mobileworld.Signin@7133da86]" started-at="2022-09-20T18:00:15 IST" name="register" finished-at="2022-09-20T18:00:18 IST" duration-ms="2810" status="PASS">
          <reporter-output>
          </reporter-output>
        </test-method> <!-- register -->
      </class> <!-- mobileworld.Signin -->
    </test> <!-- Test -->
  </suite> <!-- Suite -->
</testng-results>
